{"numFailedTestSuites":0,"numFailedTests":0,"numPassedTestSuites":1,"numPassedTests":21,"numPendingTestSuites":0,"numPendingTests":1,"numRuntimeErrorTestSuites":0,"numTodoTests":0,"numTotalTestSuites":1,"numTotalTests":22,"openHandles":[],"snapshot":{"added":0,"didUpdate":false,"failure":false,"filesAdded":0,"filesRemoved":0,"filesRemovedList":[],"filesUnmatched":0,"filesUpdated":0,"matched":0,"total":0,"unchecked":0,"uncheckedKeysByFile":[],"unmatched":0,"updated":0},"startTime":1747158833024,"success":true,"testResults":[{"assertionResults":[{"ancestorTitles":["Authentication & User Profile Management","US1: First-Time Login & Setup"],"duration":20,"failureDetails":[],"failureMessages":[],"fullName":"Authentication & User Profile Management US1: First-Time Login & Setup TP-PROF-001: Verify profile check on first login (missing profile)","invocations":1,"location":null,"numPassingAsserts":2,"retryReasons":[],"status":"passed","title":"TP-PROF-001: Verify profile check on first login (missing profile)"},{"ancestorTitles":["Authentication & User Profile Management","US1: First-Time Login & Setup"],"duration":20,"failureDetails":[],"failureMessages":[],"fullName":"Authentication & User Profile Management US1: First-Time Login & Setup TP-PROF-002: Verify setup flow guidance for language","invocations":1,"location":null,"numPassingAsserts":3,"retryReasons":[],"status":"passed","title":"TP-PROF-002: Verify setup flow guidance for language"},{"ancestorTitles":["Authentication & User Profile Management","US1: First-Time Login & Setup"],"duration":6,"failureDetails":[],"failureMessages":[],"fullName":"Authentication & User Profile Management US1: First-Time Login & Setup TP-PROF-003: Verify setup flow guidance for location","invocations":1,"location":null,"numPassingAsserts":3,"retryReasons":[],"status":"passed","title":"TP-PROF-003: Verify setup flow guidance for location"},{"ancestorTitles":["Authentication & User Profile Management","US1: First-Time Login & Setup"],"duration":6,"failureDetails":[],"failureMessages":[],"fullName":"Authentication & User Profile Management US1: First-Time Login & Setup TP-PROF-004: Verify saving valid language and location during setup","invocations":1,"location":null,"numPassingAsserts":6,"retryReasons":[],"status":"passed","title":"TP-PROF-004: Verify saving valid language and location during setup"},{"ancestorTitles":["Authentication & User Profile Management","US1: First-Time Login & Setup"],"duration":1,"failureDetails":[],"failureMessages":[],"fullName":"Authentication & User Profile Management US1: First-Time Login & Setup TP-PROF-005: Verify immediate language application after setup","invocations":1,"location":null,"numPassingAsserts":2,"retryReasons":[],"status":"passed","title":"TP-PROF-005: Verify immediate language application after setup"},{"ancestorTitles":["Authentication & User Profile Management","US1: First-Time Login & Setup"],"duration":1,"failureDetails":[],"failureMessages":[],"fullName":"Authentication & User Profile Management US1: First-Time Login & Setup TP-PROF-006: Negative: Attempt to save invalid language during setup","invocations":1,"location":null,"numPassingAsserts":4,"retryReasons":[],"status":"passed","title":"TP-PROF-006: Negative: Attempt to save invalid language during setup"},{"ancestorTitles":["Authentication & User Profile Management","US1: First-Time Login & Setup"],"duration":0,"failureDetails":[],"failureMessages":[],"fullName":"Authentication & User Profile Management US1: First-Time Login & Setup TP-PROF-007: Negative: Attempt to save invalid location during setup","invocations":1,"location":null,"numPassingAsserts":4,"retryReasons":[],"status":"passed","title":"TP-PROF-007: Negative: Attempt to save invalid location during setup"},{"ancestorTitles":["Authentication & User Profile Management","US2: View & Update Profile"],"duration":1,"failureDetails":[],"failureMessages":[],"fullName":"Authentication & User Profile Management US2: View & Update Profile TP-PROF-008: Verify navigation to Profile section","invocations":1,"location":null,"numPassingAsserts":2,"retryReasons":[],"status":"passed","title":"TP-PROF-008: Verify navigation to Profile section"},{"ancestorTitles":["Authentication & User Profile Management","US2: View & Update Profile"],"duration":7,"failureDetails":[],"failureMessages":[],"fullName":"Authentication & User Profile Management US2: View & Update Profile TP-PROF-009: Verify display of current profile data","invocations":1,"location":null,"numPassingAsserts":3,"retryReasons":[],"status":"passed","title":"TP-PROF-009: Verify display of current profile data"},{"ancestorTitles":["Authentication & User Profile Management","US2: View & Update Profile"],"duration":10,"failureDetails":[],"failureMessages":[],"fullName":"Authentication & User Profile Management US2: View & Update Profile TP-PROF-010: Verify editability of profile fields","invocations":1,"location":null,"numPassingAsserts":5,"retryReasons":[],"status":"passed","title":"TP-PROF-010: Verify editability of profile fields"},{"ancestorTitles":["Authentication & User Profile Management","US2: View & Update Profile"],"duration":0,"failureDetails":[],"failureMessages":[],"fullName":"Authentication & User Profile Management US2: View & Update Profile TP-PROF-011: Verify saving valid profile updates","invocations":1,"location":null,"numPassingAsserts":4,"retryReasons":[],"status":"passed","title":"TP-PROF-011: Verify saving valid profile updates"},{"ancestorTitles":["Authentication & User Profile Management","US2: View & Update Profile"],"duration":2,"failureDetails":[],"failureMessages":[],"fullName":"Authentication & User Profile Management US2: View & Update Profile TP-PROF-012: Verify language update application","invocations":1,"location":null,"numPassingAsserts":1,"retryReasons":[],"status":"passed","title":"TP-PROF-012: Verify language update application"},{"ancestorTitles":["Authentication & User Profile Management","US2: View & Update Profile"],"duration":2,"failureDetails":[],"failureMessages":[],"fullName":"Authentication & User Profile Management US2: View & Update Profile TP-PROF-013: Verify privacy - No contact info displayed/editable","invocations":1,"location":null,"numPassingAsserts":6,"retryReasons":[],"status":"passed","title":"TP-PROF-013: Verify privacy - No contact info displayed/editable"},{"ancestorTitles":["Authentication & User Profile Management","US2: View & Update Profile"],"duration":1,"failureDetails":[],"failureMessages":[],"fullName":"Authentication & User Profile Management US2: View & Update Profile TP-PROF-014: Negative: Attempt to save invalid language update","invocations":1,"location":null,"numPassingAsserts":4,"retryReasons":[],"status":"passed","title":"TP-PROF-014: Negative: Attempt to save invalid language update"},{"ancestorTitles":["Authentication & User Profile Management","US2: View & Update Profile"],"duration":0,"failureDetails":[],"failureMessages":[],"fullName":"Authentication & User Profile Management US2: View & Update Profile TP-PROF-015: Negative: Attempt to save invalid location update","invocations":1,"location":null,"numPassingAsserts":4,"retryReasons":[],"status":"passed","title":"TP-PROF-015: Negative: Attempt to save invalid location update"},{"ancestorTitles":["Authentication & User Profile Management","FR/NFR: Functional & Non-Functional Requirements"],"duration":0,"failureDetails":[],"failureMessages":[],"fullName":"Authentication & User Profile Management FR/NFR: Functional & Non-Functional Requirements TP-PROF-016: Verify user_profiles table structure and clerk_user_id link (Integration/API level)","invocations":1,"location":null,"numPassingAsserts":6,"retryReasons":[],"status":"passed","title":"TP-PROF-016: Verify user_profiles table structure and clerk_user_id link (Integration/API level)"},{"ancestorTitles":["Authentication & User Profile Management","FR/NFR: Functional & Non-Functional Requirements"],"duration":1,"failureDetails":[],"failureMessages":[],"fullName":"Authentication & User Profile Management FR/NFR: Functional & Non-Functional Requirements TP-PROF-017: Verify backend retrieval of Clerk User ID and profile data (Integration/API level)","invocations":1,"location":null,"numPassingAsserts":5,"retryReasons":[],"status":"passed","title":"TP-PROF-017: Verify backend retrieval of Clerk User ID and profile data (Integration/API level)"},{"ancestorTitles":["Authentication & User Profile Management","FR/NFR: Functional & Non-Functional Requirements"],"duration":0,"failureDetails":[],"failureMessages":[],"fullName":"Authentication & User Profile Management FR/NFR: Functional & Non-Functional Requirements TP-PROF-018: Security: Verify API/Server Action authorization (Update) (API level)","invocations":1,"location":null,"numPassingAsserts":2,"retryReasons":[],"status":"passed","title":"TP-PROF-018: Security: Verify API/Server Action authorization (Update) (API level)"},{"ancestorTitles":["Authentication & User Profile Management","FR/NFR: Functional & Non-Functional Requirements"],"duration":0,"failureDetails":[],"failureMessages":[],"fullName":"Authentication & User Profile Management FR/NFR: Functional & Non-Functional Requirements TP-PROF-019: Security: Verify API/Server Action authorization (Create) (API level)","invocations":1,"location":null,"numPassingAsserts":2,"retryReasons":[],"status":"passed","title":"TP-PROF-019: Security: Verify API/Server Action authorization (Create) (API level)"},{"ancestorTitles":["Authentication & User Profile Management","FR/NFR: Functional & Non-Functional Requirements"],"duration":1,"failureDetails":[],"failureMessages":[],"fullName":"Authentication & User Profile Management FR/NFR: Functional & Non-Functional Requirements TP-PROF-020: Verify i18n integration with profile language","invocations":1,"location":null,"numPassingAsserts":3,"retryReasons":[],"status":"passed","title":"TP-PROF-020: Verify i18n integration with profile language"},{"ancestorTitles":["Authentication & User Profile Management","FR/NFR: Functional & Non-Functional Requirements"],"duration":10,"failureDetails":[],"failureMessages":[],"fullName":"Authentication & User Profile Management FR/NFR: Functional & Non-Functional Requirements TP-PROF-021: Verify Profile UI elements and usability","invocations":1,"location":null,"numPassingAsserts":10,"retryReasons":[],"status":"passed","title":"TP-PROF-021: Verify Profile UI elements and usability"},{"ancestorTitles":["Authentication & User Profile Management","FR/NFR: Functional & Non-Functional Requirements"],"duration":null,"failureDetails":[],"failureMessages":[],"fullName":"Authentication & User Profile Management FR/NFR: Functional & Non-Functional Requirements TP-PROF-022: Basic Performance: Profile page load time (E2E/Manual - Not automatable at unit/integration level)","invocations":1,"location":null,"numPassingAsserts":0,"retryReasons":[],"status":"pending","title":"TP-PROF-022: Basic Performance: Profile page load time (E2E/Manual - Not automatable at unit/integration level)"}],"endTime":1747158834057,"message":"","name":"/Users/gvsrusa/PWA/agri-connect/__tests__/features/auth/auth.test.tsx","startTime":1747158833468,"status":"focused","summary":""}],"wasInterrupted":false}
