{"numFailedTestSuites":1,"numFailedTests":1,"numPassedTestSuites":17,"numPassedTests":113,"numPendingTestSuites":0,"numPendingTests":8,"numRuntimeErrorTestSuites":0,"numTodoTests":17,"numTotalTestSuites":18,"numTotalTests":139,"openHandles":[],"snapshot":{"added":0,"didUpdate":false,"failure":false,"filesAdded":0,"filesRemoved":0,"filesRemovedList":[],"filesUnmatched":0,"filesUpdated":0,"matched":0,"total":0,"unchecked":0,"uncheckedKeysByFile":[],"unmatched":0,"updated":0},"startTime":1747157759595,"success":false,"testResults":[{"assertionResults":[{"ancestorTitles":["LanguageSwitcher Component"],"duration":30,"failureDetails":[],"failureMessages":[],"fullName":"LanguageSwitcher Component renders correctly and displays the current language","invocations":1,"location":null,"numPassingAsserts":2,"retryReasons":[],"status":"passed","title":"renders correctly and displays the current language"},{"ancestorTitles":["LanguageSwitcher Component"],"duration":8,"failureDetails":[],"failureMessages":[],"fullName":"LanguageSwitcher Component displays all supported languages in the dropdown","invocations":1,"location":null,"numPassingAsserts":8,"retryReasons":[],"status":"passed","title":"displays all supported languages in the dropdown"},{"ancestorTitles":["LanguageSwitcher Component"],"duration":15,"failureDetails":[],"failureMessages":[],"fullName":"LanguageSwitcher Component calls router.push with the correct locale and pathname when a language is selected","invocations":1,"location":null,"numPassingAsserts":2,"retryReasons":[],"status":"passed","title":"calls router.push with the correct locale and pathname when a language is selected"},{"ancestorTitles":["LanguageSwitcher Component"],"duration":8,"failureDetails":[],"failureMessages":[],"fullName":"LanguageSwitcher Component calls fetch when language is changed and handles the API call","invocations":1,"location":null,"numPassingAsserts":2,"retryReasons":[],"status":"passed","title":"calls fetch when language is changed and handles the API call"},{"ancestorTitles":["LanguageSwitcher Component"],"duration":8,"failureDetails":[{"matcherResult":{"actual":true,"expected":false,"message":"\u001b[2mexpect(\u001b[22m\u001b[31mreceived\u001b[39m\u001b[2m).\u001b[22mtoBe\u001b[2m(\u001b[22m\u001b[32mexpected\u001b[39m\u001b[2m) // Object.is equality\u001b[22m\n\nExpected: \u001b[32mfalse\u001b[39m\nReceived: \u001b[31mtrue\u001b[39m","name":"toBe","pass":false}}],"failureMessages":["Error: \u001b[2mexpect(\u001b[22m\u001b[31mreceived\u001b[39m\u001b[2m).\u001b[22mtoBe\u001b[2m(\u001b[22m\u001b[32mexpected\u001b[39m\u001b[2m) // Object.is equality\u001b[22m\n\nExpected: \u001b[32mfalse\u001b[39m\nReceived: \u001b[31mtrue\u001b[39m\n    at Object.toBe (/Users/gvsrusa/PWA/agri-connect/__tests__/components/LanguageSwitcher.test.tsx:199:27)"],"fullName":"LanguageSwitcher Component FAILS if the specific XMLHttpRequest error is logged via console.error","invocations":1,"location":null,"numPassingAsserts":0,"retryReasons":[],"status":"failed","title":"FAILS if the specific XMLHttpRequest error is logged via console.error"}],"endTime":1747157760788,"message":"\u001b[1m\u001b[31m  \u001b[1m● \u001b[22m\u001b[1mLanguageSwitcher Component › FAILS if the specific XMLHttpRequest error is logged via console.error\u001b[39m\u001b[22m\n\n    \u001b[2mexpect(\u001b[22m\u001b[31mreceived\u001b[39m\u001b[2m).\u001b[22mtoBe\u001b[2m(\u001b[22m\u001b[32mexpected\u001b[39m\u001b[2m) // Object.is equality\u001b[22m\n\n    Expected: \u001b[32mfalse\u001b[39m\n    Received: \u001b[31mtrue\u001b[39m\n\u001b[2m\u001b[22m\n\u001b[2m    \u001b[0m \u001b[90m 197 |\u001b[39m     \u001b[90m// This assertion will FAIL the test if bugReproduced is true (i.e., the error was logged).\u001b[39m\u001b[22m\n\u001b[2m     \u001b[90m 198 |\u001b[39m     \u001b[90m// This confirms the bug is reproduced by causing the test to fail.\u001b[39m\u001b[22m\n\u001b[2m    \u001b[31m\u001b[1m>\u001b[22m\u001b[2m\u001b[39m\u001b[90m 199 |\u001b[39m     expect(bugReproduced)\u001b[33m.\u001b[39mtoBe(\u001b[36mfalse\u001b[39m)\u001b[33m;\u001b[39m\u001b[22m\n\u001b[2m     \u001b[90m     |\u001b[39m                           \u001b[31m\u001b[1m^\u001b[22m\u001b[2m\u001b[39m\u001b[22m\n\u001b[2m     \u001b[90m 200 |\u001b[39m\u001b[22m\n\u001b[2m     \u001b[90m 201 |\u001b[39m     consoleErrorSpy\u001b[33m.\u001b[39mmockRestore()\u001b[33m;\u001b[39m \u001b[90m// Clean up the spy\u001b[39m\u001b[22m\n\u001b[2m     \u001b[90m 202 |\u001b[39m\u001b[0m\u001b[22m\n\u001b[2m\u001b[22m\n\u001b[2m      \u001b[2mat Object.toBe (\u001b[22m\u001b[2m\u001b[0m\u001b[36m__tests__/components/LanguageSwitcher.test.tsx\u001b[39m\u001b[0m\u001b[2m:199:27)\u001b[22m\u001b[2m\u001b[22m\n","name":"/Users/gvsrusa/PWA/agri-connect/__tests__/components/LanguageSwitcher.test.tsx","startTime":1747157759965,"status":"failed","summary":""},{"assertionResults":[{"ancestorTitles":["Authentication & User Profile Management UI/Component Tests","Initial Profile Setup Flow"],"duration":0,"failureDetails":[],"failureMessages":[],"fullName":"Authentication & User Profile Management UI/Component Tests Initial Profile Setup Flow TC-PROF-001: should guide user to setup flow on first login (if profile incomplete)","invocations":1,"location":null,"numPassingAsserts":1,"retryReasons":[],"status":"passed","title":"TC-PROF-001: should guide user to setup flow on first login (if profile incomplete)"},{"ancestorTitles":["Authentication & User Profile Management UI/Component Tests","Initial Profile Setup Flow"],"duration":10,"failureDetails":[],"failureMessages":[],"fullName":"Authentication & User Profile Management UI/Component Tests Initial Profile Setup Flow TC-PROF-002: should allow selecting a preferred language during initial setup","invocations":1,"location":null,"numPassingAsserts":1,"retryReasons":[],"status":"passed","title":"TC-PROF-002: should allow selecting a preferred language during initial setup"},{"ancestorTitles":["Authentication & User Profile Management UI/Component Tests","Initial Profile Setup Flow"],"duration":3,"failureDetails":[],"failureMessages":[],"fullName":"Authentication & User Profile Management UI/Component Tests Initial Profile Setup Flow TC-PROF-003: should allow inputting farm location during initial setup","invocations":1,"location":null,"numPassingAsserts":1,"retryReasons":[],"status":"passed","title":"TC-PROF-003: should allow inputting farm location during initial setup"},{"ancestorTitles":["Authentication & User Profile Management UI/Component Tests","Initial Profile Setup Flow"],"duration":0,"failureDetails":[],"failureMessages":[],"fullName":"Authentication & User Profile Management UI/Component Tests Initial Profile Setup Flow TC-PROF-006: should reflect chosen language immediately after setup (UI update)","invocations":1,"location":null,"numPassingAsserts":1,"retryReasons":[],"status":"passed","title":"TC-PROF-006: should reflect chosen language immediately after setup (UI update)"},{"ancestorTitles":["Authentication & User Profile Management UI/Component Tests","Profile Viewing & Editing Page"],"duration":13,"failureDetails":[],"failureMessages":[],"fullName":"Authentication & User Profile Management UI/Component Tests Profile Viewing & Editing Page TC-PROF-010: should allow navigation to the Profile section (component renders)","invocations":1,"location":null,"numPassingAsserts":4,"retryReasons":[],"status":"passed","title":"TC-PROF-010: should allow navigation to the Profile section (component renders)"},{"ancestorTitles":["Authentication & User Profile Management UI/Component Tests","Profile Viewing & Editing Page"],"duration":3,"failureDetails":[],"failureMessages":[],"fullName":"Authentication & User Profile Management UI/Component Tests Profile Viewing & Editing Page TC-PROF-011: should display current language and location from fetched data","invocations":1,"location":null,"numPassingAsserts":2,"retryReasons":[],"status":"passed","title":"TC-PROF-011: should display current language and location from fetched data"},{"ancestorTitles":["Authentication & User Profile Management UI/Component Tests","Profile Viewing & Editing Page"],"duration":3,"failureDetails":[],"failureMessages":[],"fullName":"Authentication & User Profile Management UI/Component Tests Profile Viewing & Editing Page TC-PROF-012: should display user name (read-only if from Clerk)","invocations":1,"location":null,"numPassingAsserts":1,"retryReasons":[],"status":"passed","title":"TC-PROF-012: should display user name (read-only if from Clerk)"},{"ancestorTitles":["Authentication & User Profile Management UI/Component Tests","Profile Viewing & Editing Page"],"duration":3,"failureDetails":[],"failureMessages":[],"fullName":"Authentication & User Profile Management UI/Component Tests Profile Viewing & Editing Page TC-PROF-013: should NOT display private contact info (email/phone from Clerk)","invocations":1,"location":null,"numPassingAsserts":4,"retryReasons":[],"status":"passed","title":"TC-PROF-013: should NOT display private contact info (email/phone from Clerk)"},{"ancestorTitles":["Authentication & User Profile Management UI/Component Tests","Profile Viewing & Editing Page"],"duration":4,"failureDetails":[],"failureMessages":[],"fullName":"Authentication & User Profile Management UI/Component Tests Profile Viewing & Editing Page TC-PROF-014: should allow modifying preferred language via UI control","invocations":1,"location":null,"numPassingAsserts":2,"retryReasons":[],"status":"passed","title":"TC-PROF-014: should allow modifying preferred language via UI control"},{"ancestorTitles":["Authentication & User Profile Management UI/Component Tests","Profile Viewing & Editing Page"],"duration":3,"failureDetails":[],"failureMessages":[],"fullName":"Authentication & User Profile Management UI/Component Tests Profile Viewing & Editing Page TC-PROF-015: should allow modifying farm location via UI control","invocations":1,"location":null,"numPassingAsserts":2,"retryReasons":[],"status":"passed","title":"TC-PROF-015: should allow modifying farm location via UI control"},{"ancestorTitles":["Authentication & User Profile Management UI/Component Tests","Profile Viewing & Editing Page"],"duration":0,"failureDetails":[],"failureMessages":[],"fullName":"Authentication & User Profile Management UI/Component Tests Profile Viewing & Editing Page TC-PROF-018: should reflect updated language in UI after save and refresh/nav (state update)","invocations":1,"location":null,"numPassingAsserts":1,"retryReasons":[],"status":"passed","title":"TC-PROF-018: should reflect updated language in UI after save and refresh/nav (state update)"},{"ancestorTitles":["Authentication & User Profile Management UI/Component Tests","Profile Viewing & Editing Page"],"duration":3,"failureDetails":[],"failureMessages":[],"fullName":"Authentication & User Profile Management UI/Component Tests Profile Viewing & Editing Page TC-UI-001: should have clear navigation path (component structure check)","invocations":1,"location":null,"numPassingAsserts":1,"retryReasons":[],"status":"passed","title":"TC-UI-001: should have clear navigation path (component structure check)"},{"ancestorTitles":["Authentication & User Profile Management UI/Component Tests","Profile Viewing & Editing Page"],"duration":3,"failureDetails":[],"failureMessages":[],"fullName":"Authentication & User Profile Management UI/Component Tests Profile Viewing & Editing Page TC-UI-002: should have intuitive layout and labelled fields","invocations":1,"location":null,"numPassingAsserts":3,"retryReasons":[],"status":"passed","title":"TC-UI-002: should have intuitive layout and labelled fields"},{"ancestorTitles":["Authentication & User Profile Management UI/Component Tests","Profile Viewing & Editing Page"],"duration":31,"failureDetails":[],"failureMessages":[],"fullName":"Authentication & User Profile Management UI/Component Tests Profile Viewing & Editing Page TC-UI-003: should contain all supported languages in the dropdown","invocations":1,"location":null,"numPassingAsserts":6,"retryReasons":[],"status":"passed","title":"TC-UI-003: should contain all supported languages in the dropdown"},{"ancestorTitles":["Authentication & User Profile Management UI/Component Tests","Profile Viewing & Editing Page"],"duration":2,"failureDetails":[],"failureMessages":[],"fullName":"Authentication & User Profile Management UI/Component Tests Profile Viewing & Editing Page TC-UI-004: should use an appropriate input for location (text input)","invocations":1,"location":null,"numPassingAsserts":1,"retryReasons":[],"status":"passed","title":"TC-UI-004: should use an appropriate input for location (text input)"},{"ancestorTitles":["Authentication & User Profile Management UI/Component Tests","Profile Viewing & Editing Page"],"duration":23,"failureDetails":[],"failureMessages":[],"fullName":"Authentication & User Profile Management UI/Component Tests Profile Viewing & Editing Page TC-UI-005: should show visual feedback (e.g., toast) on save success","invocations":1,"location":null,"numPassingAsserts":7,"retryReasons":[],"status":"passed","title":"TC-UI-005: should show visual feedback (e.g., toast) on save success"},{"ancestorTitles":["Authentication & User Profile Management UI/Component Tests","Profile Viewing & Editing Page"],"duration":18,"failureDetails":[],"failureMessages":[],"fullName":"Authentication & User Profile Management UI/Component Tests Profile Viewing & Editing Page TC-UI-006: should show visual feedback on save failure and not log to console.error","invocations":1,"location":null,"numPassingAsserts":5,"retryReasons":[],"status":"passed","title":"TC-UI-006: should show visual feedback on save failure and not log to console.error"},{"ancestorTitles":["Authentication & User Profile Management UI/Component Tests","Profile Viewing & Editing Page"],"duration":0,"failureDetails":[],"failureMessages":[],"fullName":"Authentication & User Profile Management UI/Component Tests Profile Viewing & Editing Page TC-UI-007: should respect selected preferred_language for the entire profile page UI","invocations":1,"location":null,"numPassingAsserts":1,"retryReasons":[],"status":"passed","title":"TC-UI-007: should respect selected preferred_language for the entire profile page UI"},{"ancestorTitles":["Authentication & User Profile Management UI/Component Tests","Profile Viewing & Editing Page"],"duration":9,"failureDetails":[],"failureMessages":[],"fullName":"Authentication & User Profile Management UI/Component Tests Profile Viewing & Editing Page TC-UI-008: should disable form fields/button during save operation","invocations":1,"location":null,"numPassingAsserts":1,"retryReasons":[],"status":"passed","title":"TC-UI-008: should disable form fields/button during save operation"},{"ancestorTitles":["Authentication & User Profile Management UI/Component Tests","Profile Viewing & Editing Page"],"duration":11,"failureDetails":[],"failureMessages":[],"fullName":"Authentication & User Profile Management UI/Component Tests Profile Viewing & Editing Page TC-NEG-003: should handle network error during save gracefully (UI feedback)","invocations":1,"location":null,"numPassingAsserts":4,"retryReasons":[],"status":"passed","title":"TC-NEG-003: should handle network error during save gracefully (UI feedback)"},{"ancestorTitles":["Authentication & User Profile Management UI/Component Tests","Profile Viewing & Editing Page"],"duration":9,"failureDetails":[],"failureMessages":[],"fullName":"Authentication & User Profile Management UI/Component Tests Profile Viewing & Editing Page TC-NEG-004: should handle API 500 error during save gracefully (UI feedback) and not log to console.error","invocations":1,"location":null,"numPassingAsserts":4,"retryReasons":[],"status":"passed","title":"TC-NEG-004: should handle API 500 error during save gracefully (UI feedback) and not log to console.error"},{"ancestorTitles":["Authentication & User Profile Management UI/Component Tests","Profile Viewing & Editing Page"],"duration":0,"failureDetails":[],"failureMessages":[],"fullName":"Authentication & User Profile Management UI/Component Tests Profile Viewing & Editing Page TC-EDGE-003: should handle accessing profile page immediately after login (data fetching state)","invocations":1,"location":null,"numPassingAsserts":1,"retryReasons":[],"status":"passed","title":"TC-EDGE-003: should handle accessing profile page immediately after login (data fetching state)"}],"endTime":1747157761015,"message":"","name":"/Users/gvsrusa/PWA/agri-connect/__tests__/features/auth-profile/auth-profile.ui.test.tsx","startTime":1747157760796,"status":"passed","summary":""},{"assertionResults":[{"ancestorTitles":["/api/listings API Route","POST /api/listings"],"duration":7,"failureDetails":[],"failureMessages":[],"fullName":"/api/listings API Route POST /api/listings should create a new listing for an authenticated user with valid data","invocations":1,"location":null,"numPassingAsserts":4,"retryReasons":[],"status":"passed","title":"should create a new listing for an authenticated user with valid data"},{"ancestorTitles":["/api/listings API Route","POST /api/listings"],"duration":0,"failureDetails":[],"failureMessages":[],"fullName":"/api/listings API Route POST /api/listings should return 401 if the user is unauthenticated","invocations":1,"location":null,"numPassingAsserts":3,"retryReasons":[],"status":"passed","title":"should return 401 if the user is unauthenticated"},{"ancestorTitles":["/api/listings API Route","POST /api/listings"],"duration":3,"failureDetails":[],"failureMessages":[],"fullName":"/api/listings API Route POST /api/listings should return 400 if input data is invalid (e.g., missing cropTypeId)","invocations":1,"location":null,"numPassingAsserts":3,"retryReasons":[],"status":"passed","title":"should return 400 if input data is invalid (e.g., missing cropTypeId)"},{"ancestorTitles":["/api/listings API Route","POST /api/listings"],"duration":7,"failureDetails":[],"failureMessages":[],"fullName":"/api/listings API Route POST /api/listings should return 500 if the database insertion fails","invocations":1,"location":null,"numPassingAsserts":3,"retryReasons":[],"status":"passed","title":"should return 500 if the database insertion fails"},{"ancestorTitles":["/api/listings API Route"],"duration":4,"failureDetails":[],"failureMessages":[],"fullName":"/api/listings API Route should return 400 if the request body is invalid JSON","invocations":1,"location":null,"numPassingAsserts":3,"retryReasons":[],"status":"passed","title":"should return 400 if the request body is invalid JSON"},{"ancestorTitles":["/api/listings API Route","GET /api/listings"],"duration":1,"failureDetails":[],"failureMessages":[],"fullName":"/api/listings API Route GET /api/listings should retrieve listings for an authenticated user","invocations":1,"location":null,"numPassingAsserts":6,"retryReasons":[],"status":"passed","title":"should retrieve listings for an authenticated user"},{"ancestorTitles":["/api/listings API Route","GET /api/listings"],"duration":0,"failureDetails":[],"failureMessages":[],"fullName":"/api/listings API Route GET /api/listings should return 401 if the user is unauthenticated","invocations":1,"location":null,"numPassingAsserts":3,"retryReasons":[],"status":"passed","title":"should return 401 if the user is unauthenticated"},{"ancestorTitles":["/api/listings API Route","GET /api/listings"],"duration":1,"failureDetails":[],"failureMessages":[],"fullName":"/api/listings API Route GET /api/listings should correctly retrieve localized crop names based on user language preference (mock session)","invocations":1,"location":null,"numPassingAsserts":6,"retryReasons":[],"status":"passed","title":"should correctly retrieve localized crop names based on user language preference (mock session)"},{"ancestorTitles":["/api/listings API Route","GET /api/listings"],"duration":0,"failureDetails":[],"failureMessages":[],"fullName":"/api/listings API Route GET /api/listings should return an empty array if no listings are found","invocations":1,"location":null,"numPassingAsserts":3,"retryReasons":[],"status":"passed","title":"should return an empty array if no listings are found"},{"ancestorTitles":["/api/listings API Route","GET /api/listings"],"duration":1,"failureDetails":[],"failureMessages":[],"fullName":"/api/listings API Route GET /api/listings should return 500 if the database query fails","invocations":1,"location":null,"numPassingAsserts":3,"retryReasons":[],"status":"passed","title":"should return 500 if the database query fails"},{"ancestorTitles":["/api/listings API Route","GET /api/listings"],"duration":0,"failureDetails":[],"failureMessages":[],"fullName":"/api/listings API Route GET /api/listings should handle filtering parameters (e.g., cropTypeId) if implemented","invocations":1,"location":null,"numPassingAsserts":4,"retryReasons":[],"status":"passed","title":"should handle filtering parameters (e.g., cropTypeId) if implemented"},{"ancestorTitles":["/api/listings API Route","GET /api/listings"],"duration":2,"failureDetails":[],"failureMessages":[],"fullName":"/api/listings API Route GET /api/listings should handle pagination parameters (page, limit) if implemented","invocations":1,"location":null,"numPassingAsserts":14,"retryReasons":[],"status":"passed","title":"should handle pagination parameters (page, limit) if implemented"},{"ancestorTitles":["/api/listings API Route","GET /api/listings"],"duration":0,"failureDetails":[],"failureMessages":[],"fullName":"/api/listings API Route GET /api/listings should handle filtering parameters (e.g., cropTypeId) if implemented","invocations":1,"location":null,"numPassingAsserts":4,"retryReasons":[],"status":"passed","title":"should handle filtering parameters (e.g., cropTypeId) if implemented"}],"endTime":1747157761109,"message":"","name":"/Users/gvsrusa/PWA/agri-connect/__tests__/features/marketplace-price-discovery/api/listings.api.test.ts","startTime":1747157761024,"status":"passed","summary":""},{"assertionResults":[{"ancestorTitles":["Authentication & User Profile Management API Tests (/api/user-profile)","POST (Create Profile - Initial Setup)"],"duration":2,"failureDetails":[],"failureMessages":[],"fullName":"Authentication & User Profile Management API Tests (/api/user-profile) POST (Create Profile - Initial Setup) TC-PROF-007: should successfully create profile on initial setup","invocations":1,"location":null,"numPassingAsserts":6,"retryReasons":[],"status":"passed","title":"TC-PROF-007: should successfully create profile on initial setup"},{"ancestorTitles":["Authentication & User Profile Management API Tests (/api/user-profile)","POST (Create Profile - Initial Setup)"],"duration":1,"failureDetails":[],"failureMessages":[],"fullName":"Authentication & User Profile Management API Tests (/api/user-profile) POST (Create Profile - Initial Setup) should return 400 if required fields (language, location) are missing","invocations":1,"location":null,"numPassingAsserts":4,"retryReasons":[],"status":"passed","title":"should return 400 if required fields (language, location) are missing"},{"ancestorTitles":["Authentication & User Profile Management API Tests (/api/user-profile)","POST (Create Profile - Initial Setup)"],"duration":0,"failureDetails":[],"failureMessages":[],"fullName":"Authentication & User Profile Management API Tests (/api/user-profile) POST (Create Profile - Initial Setup) should return 400 for invalid JSON body","invocations":1,"location":null,"numPassingAsserts":7,"retryReasons":[],"status":"passed","title":"should return 400 for invalid JSON body"},{"ancestorTitles":["Authentication & User Profile Management API Tests (/api/user-profile)","POST (Create Profile - Initial Setup)"],"duration":1,"failureDetails":[],"failureMessages":[],"fullName":"Authentication & User Profile Management API Tests (/api/user-profile) POST (Create Profile - Initial Setup) should return 500 and log error on unexpected error during creation","invocations":1,"location":null,"numPassingAsserts":5,"retryReasons":[],"status":"passed","title":"should return 500 and log error on unexpected error during creation"},{"ancestorTitles":["Authentication & User Profile Management API Tests (/api/user-profile)","GET (Fetch Profile)"],"duration":0,"failureDetails":[],"failureMessages":[],"fullName":"Authentication & User Profile Management API Tests (/api/user-profile) GET (Fetch Profile) TC-PROF-020: should return correct profile data for the logged-in user","invocations":1,"location":null,"numPassingAsserts":8,"retryReasons":[],"status":"passed","title":"TC-PROF-020: should return correct profile data for the logged-in user"},{"ancestorTitles":["Authentication & User Profile Management API Tests (/api/user-profile)","GET (Fetch Profile)"],"duration":1,"failureDetails":[],"failureMessages":[],"fullName":"Authentication & User Profile Management API Tests (/api/user-profile) GET (Fetch Profile) TC-PROF-021: should return 404 if the user has no profile yet","invocations":1,"location":null,"numPassingAsserts":4,"retryReasons":[],"status":"passed","title":"TC-PROF-021: should return 404 if the user has no profile yet"},{"ancestorTitles":["Authentication & User Profile Management API Tests (/api/user-profile)","GET (Fetch Profile)"],"duration":0,"failureDetails":[],"failureMessages":[],"fullName":"Authentication & User Profile Management API Tests (/api/user-profile) GET (Fetch Profile) TC-SEC-001: should fail (401) for unauthenticated requests","invocations":1,"location":null,"numPassingAsserts":4,"retryReasons":[],"status":"passed","title":"TC-SEC-001: should fail (401) for unauthenticated requests"},{"ancestorTitles":["Authentication & User Profile Management API Tests (/api/user-profile)","GET (Fetch Profile)"],"duration":2,"failureDetails":[],"failureMessages":[],"fullName":"Authentication & User Profile Management API Tests (/api/user-profile) GET (Fetch Profile) should return 500 and log error on unexpected error during fetch","invocations":1,"location":null,"numPassingAsserts":5,"retryReasons":[],"status":"passed","title":"should return 500 and log error on unexpected error during fetch"},{"ancestorTitles":["Authentication & User Profile Management API Tests (/api/user-profile)","GET (Fetch Profile)"],"duration":null,"failureDetails":[],"failureMessages":[],"fullName":"Authentication & User Profile Management API Tests (/api/user-profile) GET (Fetch Profile) TC-SEC-003: User A should not be able to GET User B's profile","invocations":1,"location":null,"numPassingAsserts":0,"retryReasons":[],"status":"pending","title":"TC-SEC-003: User A should not be able to GET User B's profile"},{"ancestorTitles":["Authentication & User Profile Management API Tests (/api/user-profile)","PUT (Update Profile)"],"duration":0,"failureDetails":[],"failureMessages":[],"fullName":"Authentication & User Profile Management API Tests (/api/user-profile) PUT (Update Profile) TC-PROF-019: should successfully update the profile with valid data","invocations":1,"location":null,"numPassingAsserts":6,"retryReasons":[],"status":"passed","title":"TC-PROF-019: should successfully update the profile with valid data"},{"ancestorTitles":["Authentication & User Profile Management API Tests (/api/user-profile)","PUT (Update Profile)"],"duration":0,"failureDetails":[],"failureMessages":[],"fullName":"Authentication & User Profile Management API Tests (/api/user-profile) PUT (Update Profile) TC-ERR-API-001: should return 500 and log error if updateUserProfile returns null","invocations":1,"location":null,"numPassingAsserts":7,"retryReasons":[],"status":"passed","title":"TC-ERR-API-001: should return 500 and log error if updateUserProfile returns null"},{"ancestorTitles":["Authentication & User Profile Management API Tests (/api/user-profile)","PUT (Update Profile)"],"duration":0,"failureDetails":[],"failureMessages":[],"fullName":"Authentication & User Profile Management API Tests (/api/user-profile) PUT (Update Profile) TC-ERR-API-002: should return 500 and log error on unexpected error during update","invocations":1,"location":null,"numPassingAsserts":7,"retryReasons":[],"status":"passed","title":"TC-ERR-API-002: should return 500 and log error on unexpected error during update"},{"ancestorTitles":["Authentication & User Profile Management API Tests (/api/user-profile)","PUT (Update Profile)"],"duration":1,"failureDetails":[],"failureMessages":[],"fullName":"Authentication & User Profile Management API Tests (/api/user-profile) PUT (Update Profile) TC-SEC-002: should fail (401) for unauthenticated requests","invocations":1,"location":null,"numPassingAsserts":4,"retryReasons":[],"status":"passed","title":"TC-SEC-002: should fail (401) for unauthenticated requests"},{"ancestorTitles":["Authentication & User Profile Management API Tests (/api/user-profile)","PUT (Update Profile)"],"duration":0,"failureDetails":[],"failureMessages":[],"fullName":"Authentication & User Profile Management API Tests (/api/user-profile) PUT (Update Profile) should return 400 for invalid JSON body","invocations":1,"location":null,"numPassingAsserts":8,"retryReasons":[],"status":"passed","title":"should return 400 for invalid JSON body"},{"ancestorTitles":["Authentication & User Profile Management API Tests (/api/user-profile)","PUT (Update Profile)"],"duration":null,"failureDetails":[],"failureMessages":[],"fullName":"Authentication & User Profile Management API Tests (/api/user-profile) PUT (Update Profile) TC-SEC-004: User A should not be able to PUT updates to User B's profile","invocations":1,"location":null,"numPassingAsserts":0,"retryReasons":[],"status":"pending","title":"TC-SEC-004: User A should not be able to PUT updates to User B's profile"},{"ancestorTitles":["Authentication & User Profile Management API Tests (/api/user-profile)","PUT (Update Profile)"],"duration":null,"failureDetails":[],"failureMessages":[],"fullName":"Authentication & User Profile Management API Tests (/api/user-profile) PUT (Update Profile) TC-SEC-008: should reject invalid language codes","invocations":1,"location":null,"numPassingAsserts":0,"retryReasons":[],"status":"pending","title":"TC-SEC-008: should reject invalid language codes"},{"ancestorTitles":["Authentication & User Profile Management API Tests (/api/user-profile)","PUT (Update Profile)"],"duration":null,"failureDetails":[],"failureMessages":[],"fullName":"Authentication & User Profile Management API Tests (/api/user-profile) PUT (Update Profile) TC-SEC-009: should handle potentially malicious input in location field","invocations":1,"location":null,"numPassingAsserts":0,"retryReasons":[],"status":"pending","title":"TC-SEC-009: should handle potentially malicious input in location field"},{"ancestorTitles":["Authentication & User Profile Management API Tests (/api/user-profile)","PUT (Update Profile)"],"duration":null,"failureDetails":[],"failureMessages":[],"fullName":"Authentication & User Profile Management API Tests (/api/user-profile) PUT (Update Profile) TC-SEC-010: should not expose sensitive Clerk/NextAuth tokens/details in responses","invocations":1,"location":null,"numPassingAsserts":0,"retryReasons":[],"status":"pending","title":"TC-SEC-010: should not expose sensitive Clerk/NextAuth tokens/details in responses"},{"ancestorTitles":["Authentication & User Profile Management API Tests (/api/user-profile)","PUT (Update Profile)"],"duration":null,"failureDetails":[],"failureMessages":[],"fullName":"Authentication & User Profile Management API Tests (/api/user-profile) PUT (Update Profile) TC-NEG-001: should handle attempts to save profile with invalid language code","invocations":1,"location":null,"numPassingAsserts":0,"retryReasons":[],"status":"pending","title":"TC-NEG-001: should handle attempts to save profile with invalid language code"},{"ancestorTitles":["Authentication & User Profile Management API Tests (/api/user-profile)","PUT (Update Profile)"],"duration":null,"failureDetails":[],"failureMessages":[],"fullName":"Authentication & User Profile Management API Tests (/api/user-profile) PUT (Update Profile) TC-NEG-002: should handle attempts to save profile with empty required field (if applicable)","invocations":1,"location":null,"numPassingAsserts":0,"retryReasons":[],"status":"pending","title":"TC-NEG-002: should handle attempts to save profile with empty required field (if applicable)"},{"ancestorTitles":["Authentication & User Profile Management API Tests (/api/user-profile)","PUT (Update Profile)"],"duration":null,"failureDetails":[],"failureMessages":[],"fullName":"Authentication & User Profile Management API Tests (/api/user-profile) PUT (Update Profile) TC-EDGE-002: should handle rapid consecutive updates correctly (ensure final state)","invocations":1,"location":null,"numPassingAsserts":0,"retryReasons":[],"status":"pending","title":"TC-EDGE-002: should handle rapid consecutive updates correctly (ensure final state)"}],"endTime":1747157761151,"message":"","name":"/Users/gvsrusa/PWA/agri-connect/__tests__/features/auth-profile/auth-profile.api.test.ts","startTime":1747157761117,"status":"focused","summary":""},{"assertionResults":[{"ancestorTitles":["PriceSearchForm Component"],"duration":18,"failureDetails":[],"failureMessages":[],"fullName":"PriceSearchForm Component should render the form with localized labels","invocations":1,"location":null,"numPassingAsserts":4,"retryReasons":[],"status":"passed","title":"should render the form with localized labels"},{"ancestorTitles":["PriceSearchForm Component"],"duration":17,"failureDetails":[],"failureMessages":[],"fullName":"PriceSearchForm Component should populate the crop type selector with data","invocations":1,"location":null,"numPassingAsserts":3,"retryReasons":[],"status":"passed","title":"should populate the crop type selector with data"},{"ancestorTitles":["PriceSearchForm Component"],"duration":129,"failureDetails":[],"failureMessages":[],"fullName":"PriceSearchForm Component should populate the market location selector with data","invocations":1,"location":null,"numPassingAsserts":3,"retryReasons":[],"status":"passed","title":"should populate the market location selector with data"},{"ancestorTitles":["PriceSearchForm Component"],"duration":67,"failureDetails":[],"failureMessages":[],"fullName":"PriceSearchForm Component should call the onSubmit handler with the selected crop and market IDs","invocations":1,"location":null,"numPassingAsserts":1,"retryReasons":[],"status":"passed","title":"should call the onSubmit handler with the selected crop and market IDs"},{"ancestorTitles":["PriceSearchForm Component"],"duration":2,"failureDetails":[],"failureMessages":[],"fullName":"PriceSearchForm Component should display loading state for crops","invocations":1,"location":null,"numPassingAsserts":1,"retryReasons":[],"status":"passed","title":"should display loading state for crops"},{"ancestorTitles":["PriceSearchForm Component"],"duration":1,"failureDetails":[],"failureMessages":[],"fullName":"PriceSearchForm Component should display loading state for markets","invocations":1,"location":null,"numPassingAsserts":1,"retryReasons":[],"status":"passed","title":"should display loading state for markets"},{"ancestorTitles":["PriceSearchForm Component"],"duration":7,"failureDetails":[],"failureMessages":[],"fullName":"PriceSearchForm Component should display \"no crops available\" message when crops array is empty and not loading","invocations":1,"location":null,"numPassingAsserts":3,"retryReasons":[],"status":"passed","title":"should display \"no crops available\" message when crops array is empty and not loading"},{"ancestorTitles":["PriceSearchForm Component"],"duration":1,"failureDetails":[],"failureMessages":[],"fullName":"PriceSearchForm Component should handle cases where selector data fails to load (e.g., empty arrays passed)","invocations":1,"location":null,"numPassingAsserts":2,"retryReasons":[],"status":"passed","title":"should handle cases where selector data fails to load (e.g., empty arrays passed)"}],"endTime":1747157761474,"message":"","name":"/Users/gvsrusa/PWA/agri-connect/__tests__/features/marketplace-price-discovery/components/PriceSearchForm.test.tsx","startTime":1747157761157,"status":"passed","summary":""},{"assertionResults":[{"ancestorTitles":["CreateListingForm Component"],"duration":11,"failureDetails":[],"failureMessages":[],"fullName":"CreateListingForm Component should render the form with correct labels in the selected language","invocations":1,"location":null,"numPassingAsserts":5,"retryReasons":[],"status":"passed","title":"should render the form with correct labels in the selected language"},{"ancestorTitles":["CreateListingForm Component"],"duration":10,"failureDetails":[],"failureMessages":[],"fullName":"CreateListingForm Component should allow valid data input in fields (crop, quantity, price)","invocations":1,"location":null,"numPassingAsserts":1,"retryReasons":[],"status":"passed","title":"should allow valid data input in fields (crop, quantity, price)"},{"ancestorTitles":["CreateListingForm Component"],"duration":6,"failureDetails":[],"failureMessages":[],"fullName":"CreateListingForm Component should display validation messages for missing required fields","invocations":1,"location":null,"numPassingAsserts":3,"retryReasons":[],"status":"passed","title":"should display validation messages for missing required fields"},{"ancestorTitles":["CreateListingForm Component"],"duration":2,"failureDetails":[],"failureMessages":[],"fullName":"CreateListingForm Component should populate the crop type dropdown correctly using mocked data","invocations":1,"location":null,"numPassingAsserts":4,"retryReasons":[],"status":"passed","title":"should populate the crop type dropdown correctly using mocked data"},{"ancestorTitles":["CreateListingForm Component"],"duration":1,"failureDetails":[],"failureMessages":[],"fullName":"CreateListingForm Component should use the useTranslations hook correctly for labels and messages","invocations":1,"location":null,"numPassingAsserts":1,"retryReasons":[],"status":"passed","title":"should use the useTranslations hook correctly for labels and messages"},{"ancestorTitles":["CreateListingForm Component"],"duration":2,"failureDetails":[],"failureMessages":[],"fullName":"CreateListingForm Component should display the correct crop name based on selected language","invocations":1,"location":null,"numPassingAsserts":2,"retryReasons":[],"status":"passed","title":"should display the correct crop name based on selected language"}],"endTime":1747157761565,"message":"","name":"/Users/gvsrusa/PWA/agri-connect/__tests__/features/marketplace-price-discovery/components/CreateListingForm.test.tsx","startTime":1747157761480,"status":"passed","summary":""},{"assertionResults":[{"ancestorTitles":["ProduceListingCard Component"],"duration":39,"failureDetails":[],"failureMessages":[],"fullName":"ProduceListingCard Component should render correctly with sample listing data","invocations":1,"location":null,"numPassingAsserts":5,"retryReasons":[],"status":"passed","title":"should render correctly with sample listing data"},{"ancestorTitles":["ProduceListingCard Component"],"duration":2,"failureDetails":[],"failureMessages":[],"fullName":"ProduceListingCard Component should display the localized crop name","invocations":1,"location":null,"numPassingAsserts":1,"retryReasons":[],"status":"passed","title":"should display the localized crop name"},{"ancestorTitles":["ProduceListingCard Component"],"duration":1,"failureDetails":[],"failureMessages":[],"fullName":"ProduceListingCard Component should display the quantity","invocations":1,"location":null,"numPassingAsserts":1,"retryReasons":[],"status":"passed","title":"should display the quantity"},{"ancestorTitles":["ProduceListingCard Component"],"duration":1,"failureDetails":[],"failureMessages":[],"fullName":"ProduceListingCard Component should display the price","invocations":1,"location":null,"numPassingAsserts":1,"retryReasons":[],"status":"passed","title":"should display the price"},{"ancestorTitles":["ProduceListingCard Component"],"duration":1,"failureDetails":[],"failureMessages":[],"fullName":"ProduceListingCard Component should display the listing date in a readable format","invocations":1,"location":null,"numPassingAsserts":1,"retryReasons":[],"status":"passed","title":"should display the listing date in a readable format"},{"ancestorTitles":["ProduceListingCard Component"],"duration":1,"failureDetails":[],"failureMessages":[],"fullName":"ProduceListingCard Component should display the seller location if provided","invocations":1,"location":null,"numPassingAsserts":1,"retryReasons":[],"status":"passed","title":"should display the seller location if provided"},{"ancestorTitles":["ProduceListingCard Component"],"duration":1,"failureDetails":[],"failureMessages":[],"fullName":"ProduceListingCard Component should not display the seller location if not provided","invocations":1,"location":null,"numPassingAsserts":1,"retryReasons":[],"status":"passed","title":"should not display the seller location if not provided"}],"endTime":1747157761666,"message":"","name":"/Users/gvsrusa/PWA/agri-connect/__tests__/features/marketplace-price-discovery/components/ProduceListingCard.test.tsx","startTime":1747157761572,"status":"passed","summary":""},{"assertionResults":[{"ancestorTitles":["UserProfileForm Component"],"duration":9,"failureDetails":[],"failureMessages":[],"fullName":"UserProfileForm Component renders correctly with initial profile data","invocations":1,"location":null,"numPassingAsserts":5,"retryReasons":[],"status":"passed","title":"renders correctly with initial profile data"},{"ancestorTitles":["UserProfileForm Component"],"duration":3,"failureDetails":[],"failureMessages":[],"fullName":"UserProfileForm Component renders correctly for initial setup (null profile)","invocations":1,"location":null,"numPassingAsserts":4,"retryReasons":[],"status":"passed","title":"renders correctly for initial setup (null profile)"},{"ancestorTitles":["UserProfileForm Component"],"duration":9,"failureDetails":[],"failureMessages":[],"fullName":"UserProfileForm Component calls onSubmit with correct data when form is submitted","invocations":1,"location":null,"numPassingAsserts":3,"retryReasons":[],"status":"passed","title":"calls onSubmit with correct data when form is submitted"},{"ancestorTitles":["UserProfileForm Component"],"duration":8,"failureDetails":[],"failureMessages":[],"fullName":"UserProfileForm Component trims whitespace and sends null for empty location","invocations":1,"location":null,"numPassingAsserts":3,"retryReasons":[],"status":"passed","title":"trims whitespace and sends null for empty location"},{"ancestorTitles":["UserProfileForm Component"],"duration":8,"failureDetails":[],"failureMessages":[],"fullName":"UserProfileForm Component displays validation errors for required fields and does not log to console.error","invocations":1,"location":null,"numPassingAsserts":4,"retryReasons":[],"status":"passed","title":"displays validation errors for required fields and does not log to console.error"},{"ancestorTitles":["UserProfileForm Component"],"duration":8,"failureDetails":[],"failureMessages":[],"fullName":"UserProfileForm Component disables submit button when isSubmitting is true","invocations":1,"location":null,"numPassingAsserts":2,"retryReasons":[],"status":"passed","title":"disables submit button when isSubmitting is true"}],"endTime":1747157761773,"message":"","name":"/Users/gvsrusa/PWA/agri-connect/__tests__/components/profile/UserProfileForm.test.tsx","startTime":1747157761671,"status":"passed","summary":""},{"assertionResults":[{"ancestorTitles":["Authentication & User Profile Management","US1: First-Time Login & Setup"],"duration":3,"failureDetails":[],"failureMessages":[],"fullName":"Authentication & User Profile Management US1: First-Time Login & Setup TP-PROF-001: Verify profile check on first login (missing profile)","invocations":1,"location":null,"numPassingAsserts":2,"retryReasons":[],"status":"passed","title":"TP-PROF-001: Verify profile check on first login (missing profile)"},{"ancestorTitles":["Authentication & User Profile Management","US1: First-Time Login & Setup"],"duration":6,"failureDetails":[],"failureMessages":[],"fullName":"Authentication & User Profile Management US1: First-Time Login & Setup TP-PROF-002: Verify setup flow guidance for language","invocations":1,"location":null,"numPassingAsserts":3,"retryReasons":[],"status":"passed","title":"TP-PROF-002: Verify setup flow guidance for language"},{"ancestorTitles":["Authentication & User Profile Management","US1: First-Time Login & Setup"],"duration":3,"failureDetails":[],"failureMessages":[],"fullName":"Authentication & User Profile Management US1: First-Time Login & Setup TP-PROF-003: Verify setup flow guidance for location","invocations":1,"location":null,"numPassingAsserts":3,"retryReasons":[],"status":"passed","title":"TP-PROF-003: Verify setup flow guidance for location"},{"ancestorTitles":["Authentication & User Profile Management","US1: First-Time Login & Setup"],"duration":4,"failureDetails":[],"failureMessages":[],"fullName":"Authentication & User Profile Management US1: First-Time Login & Setup TP-PROF-004: Verify saving valid language and location during setup","invocations":1,"location":null,"numPassingAsserts":5,"retryReasons":[],"status":"passed","title":"TP-PROF-004: Verify saving valid language and location during setup"},{"ancestorTitles":["Authentication & User Profile Management","US1: First-Time Login & Setup"],"duration":0,"failureDetails":[],"failureMessages":[],"fullName":"Authentication & User Profile Management US1: First-Time Login & Setup TP-PROF-005: Verify immediate language application after setup","invocations":1,"location":null,"numPassingAsserts":2,"retryReasons":[],"status":"passed","title":"TP-PROF-005: Verify immediate language application after setup"},{"ancestorTitles":["Authentication & User Profile Management","US1: First-Time Login & Setup"],"duration":null,"failureDetails":[],"failureMessages":[],"fullName":"Authentication & User Profile Management US1: First-Time Login & Setup TP-PROF-006: Negative: Attempt to save invalid language during setup","invocations":1,"location":null,"numPassingAsserts":0,"retryReasons":[],"status":"todo","title":"TP-PROF-006: Negative: Attempt to save invalid language during setup"},{"ancestorTitles":["Authentication & User Profile Management","US1: First-Time Login & Setup"],"duration":null,"failureDetails":[],"failureMessages":[],"fullName":"Authentication & User Profile Management US1: First-Time Login & Setup TP-PROF-007: Negative: Attempt to save invalid location during setup","invocations":1,"location":null,"numPassingAsserts":0,"retryReasons":[],"status":"todo","title":"TP-PROF-007: Negative: Attempt to save invalid location during setup"},{"ancestorTitles":["Authentication & User Profile Management","US2: View & Update Profile"],"duration":null,"failureDetails":[],"failureMessages":[],"fullName":"Authentication & User Profile Management US2: View & Update Profile TP-PROF-008: Verify navigation to Profile section","invocations":1,"location":null,"numPassingAsserts":0,"retryReasons":[],"status":"todo","title":"TP-PROF-008: Verify navigation to Profile section"},{"ancestorTitles":["Authentication & User Profile Management","US2: View & Update Profile"],"duration":null,"failureDetails":[],"failureMessages":[],"fullName":"Authentication & User Profile Management US2: View & Update Profile TP-PROF-009: Verify display of current profile data","invocations":1,"location":null,"numPassingAsserts":0,"retryReasons":[],"status":"todo","title":"TP-PROF-009: Verify display of current profile data"},{"ancestorTitles":["Authentication & User Profile Management","US2: View & Update Profile"],"duration":null,"failureDetails":[],"failureMessages":[],"fullName":"Authentication & User Profile Management US2: View & Update Profile TP-PROF-010: Verify editability of profile fields","invocations":1,"location":null,"numPassingAsserts":0,"retryReasons":[],"status":"todo","title":"TP-PROF-010: Verify editability of profile fields"},{"ancestorTitles":["Authentication & User Profile Management","US2: View & Update Profile"],"duration":null,"failureDetails":[],"failureMessages":[],"fullName":"Authentication & User Profile Management US2: View & Update Profile TP-PROF-011: Verify saving valid profile updates","invocations":1,"location":null,"numPassingAsserts":0,"retryReasons":[],"status":"todo","title":"TP-PROF-011: Verify saving valid profile updates"},{"ancestorTitles":["Authentication & User Profile Management","US2: View & Update Profile"],"duration":null,"failureDetails":[],"failureMessages":[],"fullName":"Authentication & User Profile Management US2: View & Update Profile TP-PROF-012: Verify language update application","invocations":1,"location":null,"numPassingAsserts":0,"retryReasons":[],"status":"todo","title":"TP-PROF-012: Verify language update application"},{"ancestorTitles":["Authentication & User Profile Management","US2: View & Update Profile"],"duration":null,"failureDetails":[],"failureMessages":[],"fullName":"Authentication & User Profile Management US2: View & Update Profile TP-PROF-013: Verify privacy - No contact info displayed/editable","invocations":1,"location":null,"numPassingAsserts":0,"retryReasons":[],"status":"todo","title":"TP-PROF-013: Verify privacy - No contact info displayed/editable"},{"ancestorTitles":["Authentication & User Profile Management","US2: View & Update Profile"],"duration":null,"failureDetails":[],"failureMessages":[],"fullName":"Authentication & User Profile Management US2: View & Update Profile TP-PROF-014: Negative: Attempt to save invalid language update","invocations":1,"location":null,"numPassingAsserts":0,"retryReasons":[],"status":"todo","title":"TP-PROF-014: Negative: Attempt to save invalid language update"},{"ancestorTitles":["Authentication & User Profile Management","US2: View & Update Profile"],"duration":null,"failureDetails":[],"failureMessages":[],"fullName":"Authentication & User Profile Management US2: View & Update Profile TP-PROF-015: Negative: Attempt to save invalid location update","invocations":1,"location":null,"numPassingAsserts":0,"retryReasons":[],"status":"todo","title":"TP-PROF-015: Negative: Attempt to save invalid location update"},{"ancestorTitles":["Authentication & User Profile Management","FR/NFR: Functional & Non-Functional Requirements"],"duration":null,"failureDetails":[],"failureMessages":[],"fullName":"Authentication & User Profile Management FR/NFR: Functional & Non-Functional Requirements TP-PROF-016: Verify user_profiles table structure and clerk_user_id link (Integration/API level)","invocations":1,"location":null,"numPassingAsserts":0,"retryReasons":[],"status":"todo","title":"TP-PROF-016: Verify user_profiles table structure and clerk_user_id link (Integration/API level)"},{"ancestorTitles":["Authentication & User Profile Management","FR/NFR: Functional & Non-Functional Requirements"],"duration":null,"failureDetails":[],"failureMessages":[],"fullName":"Authentication & User Profile Management FR/NFR: Functional & Non-Functional Requirements TP-PROF-017: Verify backend retrieval of Clerk User ID and profile data (Integration/API level)","invocations":1,"location":null,"numPassingAsserts":0,"retryReasons":[],"status":"todo","title":"TP-PROF-017: Verify backend retrieval of Clerk User ID and profile data (Integration/API level)"},{"ancestorTitles":["Authentication & User Profile Management","FR/NFR: Functional & Non-Functional Requirements"],"duration":null,"failureDetails":[],"failureMessages":[],"fullName":"Authentication & User Profile Management FR/NFR: Functional & Non-Functional Requirements TP-PROF-018: Security: Verify API/Server Action authorization (Update) (API level)","invocations":1,"location":null,"numPassingAsserts":0,"retryReasons":[],"status":"todo","title":"TP-PROF-018: Security: Verify API/Server Action authorization (Update) (API level)"},{"ancestorTitles":["Authentication & User Profile Management","FR/NFR: Functional & Non-Functional Requirements"],"duration":null,"failureDetails":[],"failureMessages":[],"fullName":"Authentication & User Profile Management FR/NFR: Functional & Non-Functional Requirements TP-PROF-019: Security: Verify API/Server Action authorization (Create) (API level)","invocations":1,"location":null,"numPassingAsserts":0,"retryReasons":[],"status":"todo","title":"TP-PROF-019: Security: Verify API/Server Action authorization (Create) (API level)"},{"ancestorTitles":["Authentication & User Profile Management","FR/NFR: Functional & Non-Functional Requirements"],"duration":null,"failureDetails":[],"failureMessages":[],"fullName":"Authentication & User Profile Management FR/NFR: Functional & Non-Functional Requirements TP-PROF-020: Verify i18n integration with profile language","invocations":1,"location":null,"numPassingAsserts":0,"retryReasons":[],"status":"todo","title":"TP-PROF-020: Verify i18n integration with profile language"},{"ancestorTitles":["Authentication & User Profile Management","FR/NFR: Functional & Non-Functional Requirements"],"duration":null,"failureDetails":[],"failureMessages":[],"fullName":"Authentication & User Profile Management FR/NFR: Functional & Non-Functional Requirements TP-PROF-021: Verify Profile UI elements and usability","invocations":1,"location":null,"numPassingAsserts":0,"retryReasons":[],"status":"todo","title":"TP-PROF-021: Verify Profile UI elements and usability"},{"ancestorTitles":["Authentication & User Profile Management","FR/NFR: Functional & Non-Functional Requirements"],"duration":null,"failureDetails":[],"failureMessages":[],"fullName":"Authentication & User Profile Management FR/NFR: Functional & Non-Functional Requirements TP-PROF-022: Basic Performance: Profile page load time (Likely E2E/Manual)","invocations":1,"location":null,"numPassingAsserts":0,"retryReasons":[],"status":"todo","title":"TP-PROF-022: Basic Performance: Profile page load time (Likely E2E/Manual)"}],"endTime":1747157761865,"message":"","name":"/Users/gvsrusa/PWA/agri-connect/__tests__/features/auth/auth.test.tsx","startTime":1747157761781,"status":"passed","summary":""},{"assertionResults":[{"ancestorTitles":["PriceDisplay Component"],"duration":7,"failureDetails":[],"failureMessages":[],"fullName":"PriceDisplay Component should render correctly with sample price data","invocations":1,"location":null,"numPassingAsserts":6,"retryReasons":[],"status":"passed","title":"should render correctly with sample price data"},{"ancestorTitles":["PriceDisplay Component"],"duration":1,"failureDetails":[],"failureMessages":[],"fullName":"PriceDisplay Component should display the localized crop name","invocations":1,"location":null,"numPassingAsserts":1,"retryReasons":[],"status":"passed","title":"should display the localized crop name"},{"ancestorTitles":["PriceDisplay Component"],"duration":2,"failureDetails":[],"failureMessages":[],"fullName":"PriceDisplay Component should display the localized market name","invocations":1,"location":null,"numPassingAsserts":1,"retryReasons":[],"status":"passed","title":"should display the localized market name"},{"ancestorTitles":["PriceDisplay Component"],"duration":3,"failureDetails":[],"failureMessages":[],"fullName":"PriceDisplay Component should display the price with currency formatting","invocations":1,"location":null,"numPassingAsserts":1,"retryReasons":[],"status":"passed","title":"should display the price with currency formatting"},{"ancestorTitles":["PriceDisplay Component"],"duration":1,"failureDetails":[],"failureMessages":[],"fullName":"PriceDisplay Component should display the price unit","invocations":1,"location":null,"numPassingAsserts":2,"retryReasons":[],"status":"passed","title":"should display the price unit"},{"ancestorTitles":["PriceDisplay Component"],"duration":1,"failureDetails":[],"failureMessages":[],"fullName":"PriceDisplay Component should display the date in a readable format","invocations":1,"location":null,"numPassingAsserts":1,"retryReasons":[],"status":"passed","title":"should display the date in a readable format"},{"ancestorTitles":["PriceDisplay Component"],"duration":0,"failureDetails":[],"failureMessages":[],"fullName":"PriceDisplay Component should display a \"no data available\" message when no price data is provided","invocations":1,"location":null,"numPassingAsserts":1,"retryReasons":[],"status":"passed","title":"should display a \"no data available\" message when no price data is provided"}],"endTime":1747157761937,"message":"","name":"/Users/gvsrusa/PWA/agri-connect/__tests__/features/marketplace-price-discovery/components/PriceDisplay.test.tsx","startTime":1747157761870,"status":"passed","summary":""},{"assertionResults":[{"ancestorTitles":["SomeNewComponent"],"duration":6,"failureDetails":[],"failureMessages":[],"fullName":"SomeNewComponent should render the placeholder heading using translations","invocations":1,"location":null,"numPassingAsserts":1,"retryReasons":[],"status":"passed","title":"should render the placeholder heading using translations"},{"ancestorTitles":["SomeNewComponent"],"duration":1,"failureDetails":[],"failureMessages":[],"fullName":"SomeNewComponent should handle the initialCount prop and display it","invocations":1,"location":null,"numPassingAsserts":1,"retryReasons":[],"status":"passed","title":"should handle the initialCount prop and display it"},{"ancestorTitles":["SomeNewComponent"],"duration":3,"failureDetails":[],"failureMessages":[],"fullName":"SomeNewComponent should interact correctly when the increment button is clicked","invocations":1,"location":null,"numPassingAsserts":3,"retryReasons":[],"status":"passed","title":"should interact correctly when the increment button is clicked"}],"endTime":1747157762005,"message":"","name":"/Users/gvsrusa/PWA/agri-connect/__tests__/features/marketplace-price-discovery/components/SomeNewComponent.test.tsx","startTime":1747157761946,"status":"passed","summary":""},{"assertionResults":[{"ancestorTitles":["Language Switching Mechanism Feature"],"duration":0,"failureDetails":[],"failureMessages":[],"fullName":"Language Switching Mechanism Feature should have placeholder tests","invocations":1,"location":null,"numPassingAsserts":1,"retryReasons":[],"status":"passed","title":"should have placeholder tests"}],"endTime":1747157762046,"message":"","name":"/Users/gvsrusa/PWA/agri-connect/__tests__/features/language/language.test.tsx","startTime":1747157762007,"status":"passed","summary":""},{"assertionResults":[{"ancestorTitles":["Post-Harvest Guidance Delivery Feature"],"duration":0,"failureDetails":[],"failureMessages":[],"fullName":"Post-Harvest Guidance Delivery Feature should have placeholder tests","invocations":1,"location":null,"numPassingAsserts":1,"retryReasons":[],"status":"passed","title":"should have placeholder tests"}],"endTime":1747157762083,"message":"","name":"/Users/gvsrusa/PWA/agri-connect/__tests__/features/post-harvest/post-harvest.test.tsx","startTime":1747157762047,"status":"passed","summary":""},{"assertionResults":[{"ancestorTitles":["Crop Advisory Content Delivery Feature"],"duration":0,"failureDetails":[],"failureMessages":[],"fullName":"Crop Advisory Content Delivery Feature should have placeholder tests","invocations":1,"location":null,"numPassingAsserts":1,"retryReasons":[],"status":"passed","title":"should have placeholder tests"}],"endTime":1747157762122,"message":"","name":"/Users/gvsrusa/PWA/agri-connect/__tests__/features/crop-advisory/crop-advisory.test.tsx","startTime":1747157762085,"status":"passed","summary":""},{"assertionResults":[{"ancestorTitles":["Transportation Connection Feature"],"duration":1,"failureDetails":[],"failureMessages":[],"fullName":"Transportation Connection Feature should have placeholder tests","invocations":1,"location":null,"numPassingAsserts":1,"retryReasons":[],"status":"passed","title":"should have placeholder tests"}],"endTime":1747157762173,"message":"","name":"/Users/gvsrusa/PWA/agri-connect/__tests__/features/transportation/transportation.test.tsx","startTime":1747157762125,"status":"passed","summary":""},{"assertionResults":[{"ancestorTitles":["Marketplace & Price Discovery Feature"],"duration":0,"failureDetails":[],"failureMessages":[],"fullName":"Marketplace & Price Discovery Feature should have placeholder tests","invocations":1,"location":null,"numPassingAsserts":1,"retryReasons":[],"status":"passed","title":"should have placeholder tests"}],"endTime":1747157762219,"message":"","name":"/Users/gvsrusa/PWA/agri-connect/__tests__/features/marketplace/marketplace.test.tsx","startTime":1747157762174,"status":"passed","summary":""},{"assertionResults":[{"ancestorTitles":["/api/market-prices API Route","GET /api/market-prices"],"duration":1,"failureDetails":[],"failureMessages":[],"fullName":"/api/market-prices API Route GET /api/market-prices should retrieve market price data for an authenticated user with valid cropId and marketName","invocations":1,"location":null,"numPassingAsserts":4,"retryReasons":[],"status":"passed","title":"should retrieve market price data for an authenticated user with valid cropId and marketName"},{"ancestorTitles":["/api/market-prices API Route","GET /api/market-prices"],"duration":0,"failureDetails":[],"failureMessages":[],"fullName":"/api/market-prices API Route GET /api/market-prices should return 401 if the user is unauthenticated","invocations":1,"location":null,"numPassingAsserts":3,"retryReasons":[],"status":"passed","title":"should return 401 if the user is unauthenticated"},{"ancestorTitles":["/api/market-prices API Route","GET /api/market-prices"],"duration":1,"failureDetails":[],"failureMessages":[],"fullName":"/api/market-prices API Route GET /api/market-prices should return 400 if cropId query parameter is missing","invocations":1,"location":null,"numPassingAsserts":2,"retryReasons":[],"status":"passed","title":"should return 400 if cropId query parameter is missing"},{"ancestorTitles":["/api/market-prices API Route","GET /api/market-prices"],"duration":0,"failureDetails":[],"failureMessages":[],"fullName":"/api/market-prices API Route GET /api/market-prices should return 400 if marketName query parameter is missing","invocations":1,"location":null,"numPassingAsserts":2,"retryReasons":[],"status":"passed","title":"should return 400 if marketName query parameter is missing"},{"ancestorTitles":["/api/market-prices API Route","GET /api/market-prices"],"duration":0,"failureDetails":[],"failureMessages":[],"fullName":"/api/market-prices API Route GET /api/market-prices should return 400 if both cropId and marketName query parameters are missing","invocations":1,"location":null,"numPassingAsserts":2,"retryReasons":[],"status":"passed","title":"should return 400 if both cropId and marketName query parameters are missing"},{"ancestorTitles":["/api/market-prices API Route","GET /api/market-prices"],"duration":0,"failureDetails":[],"failureMessages":[],"fullName":"/api/market-prices API Route GET /api/market-prices should correctly retrieve localized crop name based on user language","invocations":1,"location":null,"numPassingAsserts":2,"retryReasons":[],"status":"passed","title":"should correctly retrieve localized crop name based on user language"},{"ancestorTitles":["/api/market-prices API Route","GET /api/market-prices"],"duration":0,"failureDetails":[],"failureMessages":[],"fullName":"/api/market-prices API Route GET /api/market-prices should return 404 if no price data is found for the given crop and market","invocations":1,"location":null,"numPassingAsserts":2,"retryReasons":[],"status":"passed","title":"should return 404 if no price data is found for the given crop and market"},{"ancestorTitles":["/api/market-prices API Route","GET /api/market-prices"],"duration":4,"failureDetails":[],"failureMessages":[],"fullName":"/api/market-prices API Route GET /api/market-prices should return 500 if the database query fails","invocations":1,"location":null,"numPassingAsserts":3,"retryReasons":[],"status":"passed","title":"should return 500 if the database query fails"}],"endTime":1747157762257,"message":"","name":"/Users/gvsrusa/PWA/agri-connect/__tests__/features/marketplace-price-discovery/api/market-prices.api.test.ts","startTime":1747157762222,"status":"passed","summary":""},{"assertionResults":[{"ancestorTitles":["Reference Data API Routes","GET /api/crops"],"duration":0,"failureDetails":[],"failureMessages":[],"fullName":"Reference Data API Routes GET /api/crops should retrieve a list of crops for an authenticated user, with names localized based on lang param","invocations":1,"location":null,"numPassingAsserts":3,"retryReasons":[],"status":"passed","title":"should retrieve a list of crops for an authenticated user, with names localized based on lang param"},{"ancestorTitles":["Reference Data API Routes","GET /api/crops"],"duration":0,"failureDetails":[],"failureMessages":[],"fullName":"Reference Data API Routes GET /api/crops should return 401 if the user is unauthenticated for /api/crops","invocations":1,"location":null,"numPassingAsserts":3,"retryReasons":[],"status":"passed","title":"should return 401 if the user is unauthenticated for /api/crops"},{"ancestorTitles":["Reference Data API Routes","GET /api/crops"],"duration":3,"failureDetails":[],"failureMessages":[],"fullName":"Reference Data API Routes GET /api/crops should return 500 if the database query for /api/crops fails","invocations":1,"location":null,"numPassingAsserts":3,"retryReasons":[],"status":"passed","title":"should return 500 if the database query for /api/crops fails"},{"ancestorTitles":["Reference Data API Routes","GET /api/markets"],"duration":1,"failureDetails":[],"failureMessages":[],"fullName":"Reference Data API Routes GET /api/markets should retrieve a list of unique market names for an authenticated user","invocations":1,"location":null,"numPassingAsserts":3,"retryReasons":[],"status":"passed","title":"should retrieve a list of unique market names for an authenticated user"},{"ancestorTitles":["Reference Data API Routes","GET /api/markets"],"duration":0,"failureDetails":[],"failureMessages":[],"fullName":"Reference Data API Routes GET /api/markets should return 401 if the user is unauthenticated for /api/markets","invocations":1,"location":null,"numPassingAsserts":3,"retryReasons":[],"status":"passed","title":"should return 401 if the user is unauthenticated for /api/markets"},{"ancestorTitles":["Reference Data API Routes","GET /api/markets"],"duration":1,"failureDetails":[],"failureMessages":[],"fullName":"Reference Data API Routes GET /api/markets should return 500 if the database query for /api/markets fails","invocations":1,"location":null,"numPassingAsserts":3,"retryReasons":[],"status":"passed","title":"should return 500 if the database query for /api/markets fails"}],"endTime":1747157762289,"message":"","name":"/Users/gvsrusa/PWA/agri-connect/__tests__/features/marketplace-price-discovery/api/reference-data.api.test.ts","startTime":1747157762259,"status":"passed","summary":""}],"wasInterrupted":false}
